<?xml version="1.0" encoding="UTF-8"?>
<coverage generated="1641137199482" clover="3.2.0">
  <project timestamp="1641137199482" name="All files">
    <metrics statements="111" coveredstatements="111" conditionals="16" coveredconditionals="13" methods="4" coveredmethods="4" elements="131" coveredelements="128" complexity="0" loc="111" ncloc="111" packages="1" files="2" classes="2"/>
    <file name="MonNameInput.stories.tsx" path="/Users/leewoonghee/Projects/pokemon-quiz/src/components/MonNameInput/MonNameInput.stories.tsx">
      <metrics statements="17" coveredstatements="17" conditionals="1" coveredconditionals="1" methods="1" coveredmethods="1"/>
      <line num="1" count="1" type="stmt"/>
      <line num="2" count="1" type="stmt"/>
      <line num="3" count="1" type="stmt"/>
      <line num="4" count="1" type="stmt"/>
      <line num="5" count="1" type="stmt"/>
      <line num="6" count="1" type="stmt"/>
      <line num="7" count="1" type="stmt"/>
      <line num="8" count="1" type="stmt"/>
      <line num="9" count="1" type="stmt"/>
      <line num="10" count="1" type="stmt"/>
      <line num="11" count="1" type="stmt"/>
      <line num="12" count="1" type="stmt"/>
      <line num="13" count="1" type="cond" truecount="1" falsecount="0"/>
      <line num="14" count="1" type="stmt"/>
      <line num="15" count="1" type="stmt"/>
      <line num="16" count="1" type="stmt"/>
      <line num="17" count="1" type="stmt"/>
    </file>
    <file name="MonNameInput.tsx" path="/Users/leewoonghee/Projects/pokemon-quiz/src/components/MonNameInput/MonNameInput.tsx">
      <metrics statements="94" coveredstatements="94" conditionals="15" coveredconditionals="12" methods="3" coveredmethods="3"/>
      <line num="1" count="1" type="stmt"/>
      <line num="2" count="1" type="stmt"/>
      <line num="3" count="1" type="stmt"/>
      <line num="4" count="1" type="stmt"/>
      <line num="5" count="1" type="stmt"/>
      <line num="6" count="1" type="stmt"/>
      <line num="7" count="1" type="stmt"/>
      <line num="8" count="1" type="stmt"/>
      <line num="9" count="1" type="stmt"/>
      <line num="10" count="1" type="stmt"/>
      <line num="11" count="1" type="stmt"/>
      <line num="12" count="1" type="stmt"/>
      <line num="13" count="1" type="cond" truecount="1" falsecount="0"/>
      <line num="14" count="12" type="stmt"/>
      <line num="15" count="12" type="stmt"/>
      <line num="16" count="12" type="stmt"/>
      <line num="17" count="12" type="stmt"/>
      <line num="18" count="12" type="stmt"/>
      <line num="19" count="12" type="stmt"/>
      <line num="20" count="12" type="stmt"/>
      <line num="21" count="12" type="stmt"/>
      <line num="22" count="12" type="stmt"/>
      <line num="23" count="12" type="stmt"/>
      <line num="24" count="12" type="stmt"/>
      <line num="25" count="12" type="stmt"/>
      <line num="26" count="12" type="cond" truecount="1" falsecount="0"/>
      <line num="27" count="3" type="stmt"/>
      <line num="28" count="12" type="stmt"/>
      <line num="29" count="12" type="stmt"/>
      <line num="30" count="12" type="stmt"/>
      <line num="31" count="12" type="stmt"/>
      <line num="32" count="12" type="stmt"/>
      <line num="33" count="12" type="cond" truecount="1" falsecount="0"/>
      <line num="34" count="2" type="cond" truecount="1" falsecount="0"/>
      <line num="35" count="1" type="stmt"/>
      <line num="36" count="1" type="stmt"/>
      <line num="37" count="1" type="stmt"/>
      <line num="38" count="1" type="stmt"/>
      <line num="39" count="1" type="stmt"/>
      <line num="40" count="1" type="stmt"/>
      <line num="41" count="2" type="stmt"/>
      <line num="42" count="12" type="stmt"/>
      <line num="43" count="12" type="stmt"/>
      <line num="44" count="12" type="stmt"/>
      <line num="45" count="12" type="cond" truecount="1" falsecount="0"/>
      <line num="46" count="6" type="stmt"/>
      <line num="47" count="12" type="stmt"/>
      <line num="48" count="12" type="stmt"/>
      <line num="49" count="12" type="cond" truecount="1" falsecount="0"/>
      <line num="50" count="6" type="cond" truecount="1" falsecount="0"/>
      <line num="51" count="24" type="cond" truecount="1" falsecount="0"/>
      <line num="52" count="1" type="stmt"/>
      <line num="53" count="1" type="stmt"/>
      <line num="54" count="1" type="stmt"/>
      <line num="55" count="1" type="stmt"/>
      <line num="56" count="24" type="stmt"/>
      <line num="57" count="6" type="cond" truecount="0" falsecount="1"/>
      <line num="58" count="6" type="cond" truecount="1" falsecount="0"/>
      <line num="59" count="6" type="cond" truecount="0" falsecount="2"/>
      <line num="60" count="6" type="stmt"/>
      <line num="61" count="12" type="stmt"/>
      <line num="62" count="12" type="stmt"/>
      <line num="63" count="12" type="stmt"/>
      <line num="64" count="12" type="stmt"/>
      <line num="65" count="12" type="stmt"/>
      <line num="66" count="12" type="stmt"/>
      <line num="67" count="12" type="stmt"/>
      <line num="68" count="12" type="stmt"/>
      <line num="69" count="12" type="cond" truecount="1" falsecount="0"/>
      <line num="70" count="24" type="stmt"/>
      <line num="71" count="24" type="stmt"/>
      <line num="72" count="24" type="stmt"/>
      <line num="73" count="12" type="stmt"/>
      <line num="74" count="12" type="stmt"/>
      <line num="75" count="12" type="stmt"/>
      <line num="76" count="12" type="stmt"/>
      <line num="77" count="12" type="cond" truecount="2" falsecount="0"/>
      <line num="78" count="12" type="stmt"/>
      <line num="79" count="12" type="stmt"/>
      <line num="80" count="12" type="stmt"/>
      <line num="81" count="12" type="stmt"/>
      <line num="82" count="12" type="stmt"/>
      <line num="83" count="12" type="stmt"/>
      <line num="84" count="12" type="stmt"/>
      <line num="85" count="12" type="stmt"/>
      <line num="86" count="12" type="stmt"/>
      <line num="87" count="12" type="stmt"/>
      <line num="88" count="12" type="stmt"/>
      <line num="89" count="12" type="stmt"/>
      <line num="90" count="12" type="stmt"/>
      <line num="91" count="12" type="stmt"/>
      <line num="92" count="12" type="stmt"/>
      <line num="93" count="1" type="stmt"/>
      <line num="94" count="1" type="stmt"/>
    </file>
  </project>
</coverage>
