TN:
SF:src/components/TextField/TextField.tsx
FNF:0
FNH:0
DA:1,1
DA:2,1
DA:3,1
DA:4,1
DA:5,1
DA:6,1
DA:7,1
DA:8,1
DA:9,1
DA:10,1
DA:11,1
DA:12,1
DA:13,1
DA:14,1
DA:15,1
DA:16,1
DA:17,1
DA:18,1
DA:19,1
DA:20,1
DA:21,1
DA:22,1
DA:23,1
DA:24,14
DA:25,8
DA:26,5
DA:27,5
DA:28,3
DA:29,14
DA:30,14
DA:31,14
DA:32,10
DA:33,3
DA:34,3
DA:35,7
DA:36,14
DA:37,14
DA:38,14
DA:39,14
DA:40,14
DA:41,14
DA:42,14
DA:43,14
DA:44,14
DA:45,14
DA:46,14
DA:47,14
DA:48,14
DA:49,14
DA:50,14
DA:51,14
DA:52,14
DA:53,14
DA:54,14
DA:55,14
DA:56,14
DA:57,14
DA:58,14
DA:59,14
DA:60,14
DA:61,14
DA:62,14
DA:63,14
DA:64,14
DA:65,14
DA:66,14
DA:67,14
DA:68,14
DA:69,14
DA:70,14
DA:71,14
DA:72,14
DA:73,14
DA:74,14
DA:75,14
DA:76,14
DA:77,14
DA:78,1
DA:79,1
DA:80,1
LF:80
LH:80
BRDA:23,0,0,14
BRDA:41,1,0,4
BRDA:41,2,0,10
BRDA:51,3,0,1
BRDA:51,4,0,13
BRDA:70,5,0,4
BRDA:70,6,0,4
BRDA:70,7,0,10
BRDA:73,8,0,10
BRDA:24,9,0,8
BRDA:25,10,0,5
BRDA:28,11,0,3
BRDA:31,12,0,10
BRDA:32,13,0,3
BRDA:35,14,0,7
BRF:15
BRH:15
end_of_record
