TN:
SF:src/components/TextField/TextField.stories.tsx
FN:13,Template
FNF:1
FNH:1
FNDA:4,Template
DA:1,1
DA:2,1
DA:3,1
DA:4,1
DA:5,1
DA:6,1
DA:7,1
DA:8,1
DA:9,1
DA:10,1
DA:11,1
DA:12,1
DA:13,1
DA:14,1
DA:15,1
DA:16,1
DA:17,1
DA:18,1
DA:19,1
DA:20,1
DA:21,1
DA:22,1
DA:23,1
DA:24,1
LF:24
LH:24
BRDA:13,0,0,4
BRF:1
BRH:1
end_of_record
TN:
SF:src/components/TextField/TextField.tsx
FNF:0
FNH:0
DA:1,1
DA:2,1
DA:3,1
DA:4,1
DA:5,1
DA:6,1
DA:7,1
DA:8,1
DA:9,1
DA:10,1
DA:11,1
DA:12,1
DA:13,4
DA:14,3
DA:15,0
DA:16,0
DA:17,3
DA:18,4
DA:19,4
DA:20,4
DA:21,3
DA:22,1
DA:23,1
DA:24,2
DA:25,4
DA:26,4
DA:27,4
DA:28,4
DA:29,4
DA:30,4
DA:31,4
DA:32,4
DA:33,4
DA:34,4
DA:35,4
DA:36,4
DA:37,4
DA:38,4
DA:39,4
DA:40,4
DA:41,4
DA:42,4
DA:43,4
DA:44,4
DA:45,4
DA:46,4
DA:47,4
DA:48,4
DA:49,4
DA:50,4
DA:51,4
DA:52,4
DA:53,4
DA:54,4
DA:55,4
DA:56,4
DA:57,4
DA:58,4
DA:59,4
DA:60,4
DA:61,4
DA:62,4
DA:63,1
DA:64,1
DA:65,1
LF:65
LH:63
BRDA:12,0,0,4
BRDA:36,1,0,1
BRDA:36,2,0,2
BRDA:55,3,0,1
BRDA:55,4,0,1
BRDA:55,5,0,2
BRDA:58,6,0,2
BRDA:13,7,0,3
BRDA:14,8,0,0
BRDA:20,9,0,3
BRDA:21,10,0,1
BRDA:24,11,0,2
BRF:12
BRH:11
end_of_record
